Der Buildvorgang wurde am 15.12.2012 15:13:13 gestartet.
     1>Projekt "H:\Projekte\SAMP\pawn\SOURCE\COMPILER\CMakeFiles\2.8.10.2\CompilerIdCXX\CompilerIdCXX.vcxproj" auf Knoten "2", build Ziel(e).
     1>InitializeBuildStatus:
         "Debug\CompilerIdCXX.unsuccessfulbuild" wird erstellt, da "AlwaysCreate" angegeben wurde.
       ClCompile:
         C:\Program Files (x86)\Microsoft Visual Studio 10.0\VC\bin\CL.exe /c /nologo /W0 /WX- /Od /Oy- /D _MBCS /Gm- /EHsc /RTC1 /MDd /GS /fp:precise /Zc:wchar_t /Zc:forScope /Fo"Debug\\" /Fd"Debug\vc100.pdb" /Gd /TP /analyze- /errorReport:prompt CMakeCXXCompilerId.cpp
         CMakeCXXCompilerId.cpp
       Link:
         C:\Program Files (x86)\Microsoft Visual Studio 10.0\VC\bin\link.exe /ERRORREPORT:PROMPT /OUT:".\CompilerIdCXX.exe" /INCREMENTAL:NO /NOLOGO kernel32.lib user32.lib gdi32.lib winspool.lib comdlg32.lib advapi32.lib shell32.lib ole32.lib oleaut32.lib uuid.lib odbc32.lib odbccp32.lib /MANIFEST /ManifestFile:"Debug\CompilerIdCXX.exe.intermediate.manifest" /MANIFESTUAC:"level='asInvoker' uiAccess='false'" /PDB:"H:\Projekte\SAMP\pawn\SOURCE\COMPILER\CMakeFiles\2.8.10.2\CompilerIdCXX\CompilerIdCXX.pdb" /SUBSYSTEM:CONSOLE /TLBID:1 /DYNAMICBASE /NXCOMPAT /IMPLIB:".\CompilerIdCXX.lib" /MACHINE:X86 Debug\CMakeCXXCompilerId.obj
         CompilerIdCXX.vcxproj -> H:\Projekte\SAMP\pawn\SOURCE\COMPILER\CMakeFiles\2.8.10.2\CompilerIdCXX\.\CompilerIdCXX.exe
       Manifest:
         C:\Program Files (x86)\Microsoft SDKs\Windows\v7.0A\bin\mt.exe /nologo /verbose /outputresource:".\CompilerIdCXX.exe;#1" /manifest Debug\CompilerIdCXX.exe.intermediate.manifest
       PostBuildEvent:
         for %%i in (cl.exe) do @echo CMAKE_CXX_COMPILER=%%~$PATH:i
         :VCEnd
         CMAKE_CXX_COMPILER=C:\Program Files (x86)\Microsoft Visual Studio 10.0\VC\bin\cl.exe
       FinalizeBuildStatus:
         Die Datei "Debug\CompilerIdCXX.unsuccessfulbuild" wird gelöscht.
         Aktualisieren des Timestamps von "Debug\CompilerIdCXX.lastbuildstate".
     1>Die Erstellung des Projekts "H:\Projekte\SAMP\pawn\SOURCE\COMPILER\CMakeFiles\2.8.10.2\CompilerIdCXX\CompilerIdCXX.vcxproj" ist abgeschlossen, build Ziel(e).

Das Erstellen war erfolgreich.

Verstrichene Zeit 00:00:00.51
